<?xml version="1.0" encoding="UTF-8"?>
<testsuite xmlns:xsi="http://www.w3.org/2001/XMLSchema-instance" xsi:noNamespaceSchemaLocation="https://maven.apache.org/surefire/maven-surefire-plugin/xsd/surefire-test-report-3.0.xsd" version="3.0" name="com.runner.Runner" time="10.559" tests="8" errors="8" skipped="0" failures="0">
  <properties>
[...]
</properties>
  <testcase name="Login Navia" classname="Navia Online Trading Market Login" time="6.872">
    <error message="invalid session id&#10;Build info: version: &apos;4.14.1&apos;, revision: &apos;03f8ede370&apos;&#10;System info: os.name: &apos;Windows 11&apos;, os.arch: &apos;amd64&apos;, os.version: &apos;10.0&apos;, java.version: &apos;21.0.11&apos;&#10;Driver info: org.openqa.selenium.chrome.ChromeDriver&#10;Command: [5e5786963a780132052201e5c6ec4c65, findElement {using=xpath, value=(//button[@id=&apos;login_fsmt1&apos;])[1]}]&#10;Capabilities {acceptInsecureCerts: false, browserName: chrome, browserVersion: 148.0.7778.217, chrome: {chromedriverVersion: 148.0.7778.178 (d096af1c9e9..., userDataDir: C:\Users\CommonPC\AppData\L...}, fedcm:accounts: true, goog:chromeOptions: {debuggerAddress: localhost:62782}, goog:processID: 39396, networkConnectionEnabled: false, pageLoadStrategy: eager, platformName: windows, proxy: Proxy(), se:cdp: ws://localhost:62782/devtoo..., se:cdpVersion: 148.0.7778.217, setWindowRect: true, strictFileInteractability: false, timeouts: {implicit: 0, pageLoad: 300000, script: 30000}, unhandledPromptBehavior: dismiss and notify, webauthn:extension:credBlob: true, webauthn:extension:largeBlob: true, webauthn:extension:minPinLength: true, webauthn:extension:prf: true, webauthn:virtualAuthenticators: true}&#10;Session ID: 5e5786963a780132052201e5c6ec4c65" type="org.openqa.selenium.NoSuchSessionException"><![CDATA[org.openqa.selenium.NoSuchSessionException: 
invalid session id
Build info: version: '4.14.1', revision: '03f8ede370'
System info: os.name: 'Windows 11', os.arch: 'amd64', os.version: '10.0', java.version: '21.0.11'
Driver info: org.openqa.selenium.chrome.ChromeDriver
Command: [5e5786963a780132052201e5c6ec4c65, findElement {using=xpath, value=(//button[@id='login_fsmt1'])[1]}]
Capabilities {acceptInsecureCerts: false, browserName: chrome, browserVersion: 148.0.7778.217, chrome: {chromedriverVersion: 148.0.7778.178 (d096af1c9e9..., userDataDir: C:\Users\CommonPC\AppData\L...}, fedcm:accounts: true, goog:chromeOptions: {debuggerAddress: localhost:62782}, goog:processID: 39396, networkConnectionEnabled: false, pageLoadStrategy: eager, platformName: windows, proxy: Proxy(), se:cdp: ws://localhost:62782/devtoo..., se:cdpVersion: 148.0.7778.217, setWindowRect: true, strictFileInteractability: false, timeouts: {implicit: 0, pageLoad: 300000, script: 30000}, unhandledPromptBehavior: dismiss and notify, webauthn:extension:credBlob: true, webauthn:extension:largeBlob: true, webauthn:extension:minPinLength: true, webauthn:extension:prf: true, webauthn:virtualAuthenticators: true}
Session ID: 5e5786963a780132052201e5c6ec4c65
	at java.base/jdk.internal.reflect.DirectConstructorHandleAccessor.newInstance(DirectConstructorHandleAccessor.java:62)
	at java.base/java.lang.reflect.Constructor.newInstanceWithCaller(Constructor.java:502)
	at java.base/java.lang.reflect.Constructor.newInstance(Constructor.java:486)
	at org.openqa.selenium.remote.codec.w3c.W3CHttpResponseCodec.createException(W3CHttpResponseCodec.java:200)
	at org.openqa.selenium.remote.codec.w3c.W3CHttpResponseCodec.decode(W3CHttpResponseCodec.java:133)
	at org.openqa.selenium.remote.codec.w3c.W3CHttpResponseCodec.decode(W3CHttpResponseCodec.java:52)
	at org.openqa.selenium.remote.HttpCommandExecutor.execute(HttpCommandExecutor.java:191)
	at org.openqa.selenium.remote.service.DriverCommandExecutor.invokeExecute(DriverCommandExecutor.java:200)
	at org.openqa.selenium.remote.service.DriverCommandExecutor.execute(DriverCommandExecutor.java:175)
	at org.openqa.selenium.remote.RemoteWebDriver.execute(RemoteWebDriver.java:602)
	at org.openqa.selenium.remote.ElementLocation$ElementFinder$2.findElement(ElementLocation.java:165)
	at org.openqa.selenium.remote.ElementLocation.findElement(ElementLocation.java:59)
	at org.openqa.selenium.remote.RemoteWebDriver.findElement(RemoteWebDriver.java:359)
	at org.openqa.selenium.remote.RemoteWebDriver.findElement(RemoteWebDriver.java:353)
	at com.stepdefinition.Login_Page.user_navigate_to_navia(Login_Page.java:49)
	at ✽.User Navigate to Navia(file:///D:/Jenkins/Premarket_Bow/src/test/java/com/feature/DailyEightFortyTesting.feature:5)
]]></error>
    <system-out><![CDATA[
Scenario: Login Navia                               &amp#27;[90m# src/test/java/com/feature/DailyEightFortyTesting.feature:4&amp#27;[0m
  &amp#27;[31mGiven &amp#27;[0m&amp#27;[31mUser Navigate to Navia&amp#27;[0m                      &amp#27;[90m# com.stepdefinition.Login_Page.user_navigate_to_navia()&amp#27;[0m
      &amp#27;[31morg.openqa.selenium.NoSuchSessionException: invalid session id
Build info: version: '4.14.1', revision: '03f8ede370'
System info: os.name: 'Windows 11', os.arch: 'amd64', os.version: '10.0', java.version: '21.0.11'
Driver info: org.openqa.selenium.chrome.ChromeDriver
Command: [5e5786963a780132052201e5c6ec4c65, findElement {using=xpath, value=(//button[@id='login_fsmt1'])[1]}]
Capabilities {acceptInsecureCerts: false, browserName: chrome, browserVersion: 148.0.7778.217, chrome: {chromedriverVersion: 148.0.7778.178 (d096af1c9e9..., userDataDir: C:\Users\CommonPC\AppData\L...}, fedcm:accounts: true, goog:chromeOptions: {debuggerAddress: localhost:62782}, goog:processID: 39396, networkConnectionEnabled: false, pageLoadStrategy: eager, platformName: windows, proxy: Proxy(), se:cdp: ws://localhost:62782/devtoo..., se:cdpVersion: 148.0.7778.217, setWindowRect: true, strictFileInteractability: false, timeouts: {implicit: 0, pageLoad: 300000, script: 30000}, unhandledPromptBehavior: dismiss and notify, webauthn:extension:credBlob: true, webauthn:extension:largeBlob: true, webauthn:extension:minPinLength: true, webauthn:extension:prf: true, webauthn:virtualAuthenticators: true}
Session ID: 5e5786963a780132052201e5c6ec4c65
	at java.base/jdk.internal.reflect.DirectConstructorHandleAccessor.newInstance(DirectConstructorHandleAccessor.java:62)
	at java.base/java.lang.reflect.Constructor.newInstanceWithCaller(Constructor.java:502)
	at java.base/java.lang.reflect.Constructor.newInstance(Constructor.java:486)
	at org.openqa.selenium.remote.codec.w3c.W3CHttpResponseCodec.createException(W3CHttpResponseCodec.java:200)
	at org.openqa.selenium.remote.codec.w3c.W3CHttpResponseCodec.decode(W3CHttpResponseCodec.java:133)
	at org.openqa.selenium.remote.codec.w3c.W3CHttpResponseCodec.decode(W3CHttpResponseCodec.java:52)
	at org.openqa.selenium.remote.HttpCommandExecutor.execute(HttpCommandExecutor.java:191)
	at org.openqa.selenium.remote.service.DriverCommandExecutor.invokeExecute(DriverCommandExecutor.java:200)
	at org.openqa.selenium.remote.service.DriverCommandExecutor.execute(DriverCommandExecutor.java:175)
	at org.openqa.selenium.remote.RemoteWebDriver.execute(RemoteWebDriver.java:602)
	at org.openqa.selenium.remote.ElementLocation$ElementFinder$2.findElement(ElementLocation.java:165)
	at org.openqa.selenium.remote.ElementLocation.findElement(ElementLocation.java:59)
	at org.openqa.selenium.remote.RemoteWebDriver.findElement(RemoteWebDriver.java:359)
	at org.openqa.selenium.remote.RemoteWebDriver.findElement(RemoteWebDriver.java:353)
	at com.stepdefinition.Login_Page.user_navigate_to_navia(Login_Page.java:49)
	at ✽.User Navigate to Navia(file:///D:/Jenkins/Premarket_Bow/src/test/java/com/feature/DailyEightFortyTesting.feature:5)
&amp#27;[0m
  &amp#27;[36mWhen &amp#27;[0m&amp#27;[36mUser Click login with client code&amp#27;[0m            &amp#27;[90m# com.stepdefinition.Login_Page.user_click_login_with_client_code()&amp#27;[0m
  &amp#27;[36mAnd &amp#27;[0m&amp#27;[36mUser Enter Client Code&amp#27;[0m                        &amp#27;[90m# com.stepdefinition.Login_Page.user_enter_client_code()&amp#27;[0m
  &amp#27;[36mAnd &amp#27;[0m&amp#27;[36mUser  Enter Password&amp#27;[0m                          &amp#27;[90m# com.stepdefinition.Login_Page.user_enter_password()&amp#27;[0m
  &amp#27;[36mAnd &amp#27;[0m&amp#27;[36mUser Click Agree CheckBox&amp#27;[0m                     &amp#27;[90m# com.stepdefinition.Login_Page.user_click_agree_check_box()&amp#27;[0m
  &amp#27;[36mAnd &amp#27;[0m&amp#27;[36mUser Click Login button&amp#27;[0m                       &amp#27;[90m# com.stepdefinition.Login_Page.user_click_login_button()&amp#27;[0m
  &amp#27;[36mAnd &amp#27;[0m&amp#27;[36mUser Click Otp Verification and enter manualy&amp#27;[0m &amp#27;[90m# com.stepdefinition.Login_Page.user_click_otp_verification_and_enter_manualy()&amp#27;[0m
  &amp#27;[36mAnd &amp#27;[0m&amp#27;[36mUser Click Login Again&amp#27;[0m                        &amp#27;[90m# com.stepdefinition.Login_Page.user_click_login_again()&amp#27;[0m
[SCREENSHOT] Skipped, browser was not available: invalid session id
Build info: version: '4.14.1', revision: '03f8ede370'
System info: os.name: 'Windows 11', os.arch: 'amd64', os.version: '10.0', java.version: '21.0.11'
Driver info: org.openqa.selenium.chrome.ChromeDriver
Command: [5e5786963a780132052201e5c6ec4c65, screenshot {}]
Capabilities {acceptInsecureCerts: false, browserName: chrome, browserVersion: 148.0.7778.217, chrome: {chromedriverVersion: 148.0.7778.178 (d096af1c9e9..., userDataDir: C:\Users\CommonPC\AppData\L...}, fedcm:accounts: true, goog:chromeOptions: {debuggerAddress: localhost:62782}, goog:processID: 39396, networkConnectionEnabled: false, pageLoadStrategy: eager, platformName: windows, proxy: Proxy(), se:cdp: ws://localhost:62782/devtoo..., se:cdpVersion: 148.0.7778.217, setWindowRect: true, strictFileInteractability: false, timeouts: {implicit: 0, pageLoad: 300000, script: 30000}, unhandledPromptBehavior: dismiss and notify, webauthn:extension:credBlob: true, webauthn:extension:largeBlob: true, webauthn:extension:minPinLength: true, webauthn:extension:prf: true, webauthn:virtualAuthenticators: true}
Session ID: 5e5786963a780132052201e5c6ec4c65
[FAILED] Login Navia
]]></system-out>
    <system-err><![CDATA[SLF4J(W): No SLF4J providers were found.
SLF4J(W): Defaulting to no-operation (NOP) logger implementation
SLF4J(W): See https://www.slf4j.org/codes.html#noProviders for further details.
Jun 03, 2026 4:26:49 PM org.openqa.selenium.devtools.CdpVersionFinder findNearestMatch
WARNING: Unable to find CDP implementation matching 148
Jun 03, 2026 4:26:49 PM org.openqa.selenium.chromium.ChromiumDriver lambda$new$5
WARNING: Unable to find version of CDP to use for 148.0.7778.217. You may need to include a dependency on a specific version of the CDP using something similar to `org.seleniumhq.selenium:selenium-devtools-v86:4.14.1` where the version ("v86") matches the version of the chromium-based browser you're using and the version number of the artifact is the same as Selenium's.
]]></system-err>
  </testcase>
  <testcase name="Add and Remove Any Script and Verify" classname="Navia Online Trading Market Login" time="0.046">
    <error message="invalid session id&#10;Build info: version: &apos;4.14.1&apos;, revision: &apos;03f8ede370&apos;&#10;System info: os.name: &apos;Windows 11&apos;, os.arch: &apos;amd64&apos;, os.version: &apos;10.0&apos;, java.version: &apos;21.0.11&apos;&#10;Driver info: org.openqa.selenium.chrome.ChromeDriver&#10;Command: [5e5786963a780132052201e5c6ec4c65, get {url=https://rocket.tradeplusonline.com/index.php}]&#10;Capabilities {acceptInsecureCerts: false, browserName: chrome, browserVersion: 148.0.7778.217, chrome: {chromedriverVersion: 148.0.7778.178 (d096af1c9e9..., userDataDir: C:\Users\CommonPC\AppData\L...}, fedcm:accounts: true, goog:chromeOptions: {debuggerAddress: localhost:62782}, goog:processID: 39396, networkConnectionEnabled: false, pageLoadStrategy: eager, platformName: windows, proxy: Proxy(), se:cdp: ws://localhost:62782/devtoo..., se:cdpVersion: 148.0.7778.217, setWindowRect: true, strictFileInteractability: false, timeouts: {implicit: 0, pageLoad: 300000, script: 30000}, unhandledPromptBehavior: dismiss and notify, webauthn:extension:credBlob: true, webauthn:extension:largeBlob: true, webauthn:extension:minPinLength: true, webauthn:extension:prf: true, webauthn:virtualAuthenticators: true}&#10;Session ID: 5e5786963a780132052201e5c6ec4c65" type="org.openqa.selenium.NoSuchSessionException"><![CDATA[org.openqa.selenium.NoSuchSessionException: 
invalid session id
Build info: version: '4.14.1', revision: '03f8ede370'
System info: os.name: 'Windows 11', os.arch: 'amd64', os.version: '10.0', java.version: '21.0.11'
Driver info: org.openqa.selenium.chrome.ChromeDriver
Command: [5e5786963a780132052201e5c6ec4c65, get {url=https://rocket.tradeplusonline.com/index.php}]
Capabilities {acceptInsecureCerts: false, browserName: chrome, browserVersion: 148.0.7778.217, chrome: {chromedriverVersion: 148.0.7778.178 (d096af1c9e9..., userDataDir: C:\Users\CommonPC\AppData\L...}, fedcm:accounts: true, goog:chromeOptions: {debuggerAddress: localhost:62782}, goog:processID: 39396, networkConnectionEnabled: false, pageLoadStrategy: eager, platformName: windows, proxy: Proxy(), se:cdp: ws://localhost:62782/devtoo..., se:cdpVersion: 148.0.7778.217, setWindowRect: true, strictFileInteractability: false, timeouts: {implicit: 0, pageLoad: 300000, script: 30000}, unhandledPromptBehavior: dismiss and notify, webauthn:extension:credBlob: true, webauthn:extension:largeBlob: true, webauthn:extension:minPinLength: true, webauthn:extension:prf: true, webauthn:virtualAuthenticators: true}
Session ID: 5e5786963a780132052201e5c6ec4c65
	at java.base/jdk.internal.reflect.DirectConstructorHandleAccessor.newInstance(DirectConstructorHandleAccessor.java:62)
	at java.base/java.lang.reflect.Constructor.newInstanceWithCaller(Constructor.java:502)
	at java.base/java.lang.reflect.Constructor.newInstance(Constructor.java:486)
	at org.openqa.selenium.remote.codec.w3c.W3CHttpResponseCodec.createException(W3CHttpResponseCodec.java:200)
	at org.openqa.selenium.remote.codec.w3c.W3CHttpResponseCodec.decode(W3CHttpResponseCodec.java:133)
	at org.openqa.selenium.remote.codec.w3c.W3CHttpResponseCodec.decode(W3CHttpResponseCodec.java:52)
	at org.openqa.selenium.remote.HttpCommandExecutor.execute(HttpCommandExecutor.java:191)
	at org.openqa.selenium.remote.service.DriverCommandExecutor.invokeExecute(DriverCommandExecutor.java:200)
	at org.openqa.selenium.remote.service.DriverCommandExecutor.execute(DriverCommandExecutor.java:175)
	at org.openqa.selenium.remote.RemoteWebDriver.execute(RemoteWebDriver.java:602)
	at org.openqa.selenium.remote.RemoteWebDriver.get(RemoteWebDriver.java:304)
	at com.stepdefinition.ScreenShort.navigate_to_home_page(ScreenShort.java:74)
	at ✽.Navigate to home page(file:///D:/Jenkins/Premarket_Bow/src/test/java/com/feature/DailyEightFortyTesting.feature:16)
]]></error>
    <system-out><![CDATA[
Scenario: Add and Remove Any Script and Verify  &amp#27;[90m# src/test/java/com/feature/DailyEightFortyTesting.feature:15&amp#27;[0m
  &amp#27;[31mWhen &amp#27;[0m&amp#27;[31mNavigate to home page&amp#27;[0m                    &amp#27;[90m# com.stepdefinition.ScreenShort.navigate_to_home_page()&amp#27;[0m
      &amp#27;[31morg.openqa.selenium.NoSuchSessionException: invalid session id
Build info: version: '4.14.1', revision: '03f8ede370'
System info: os.name: 'Windows 11', os.arch: 'amd64', os.version: '10.0', java.version: '21.0.11'
Driver info: org.openqa.selenium.chrome.ChromeDriver
Command: [5e5786963a780132052201e5c6ec4c65, get {url=https://rocket.tradeplusonline.com/index.php}]
Capabilities {acceptInsecureCerts: false, browserName: chrome, browserVersion: 148.0.7778.217, chrome: {chromedriverVersion: 148.0.7778.178 (d096af1c9e9..., userDataDir: C:\Users\CommonPC\AppData\L...}, fedcm:accounts: true, goog:chromeOptions: {debuggerAddress: localhost:62782}, goog:processID: 39396, networkConnectionEnabled: false, pageLoadStrategy: eager, platformName: windows, proxy: Proxy(), se:cdp: ws://localhost:62782/devtoo..., se:cdpVersion: 148.0.7778.217, setWindowRect: true, strictFileInteractability: false, timeouts: {implicit: 0, pageLoad: 300000, script: 30000}, unhandledPromptBehavior: dismiss and notify, webauthn:extension:credBlob: true, webauthn:extension:largeBlob: true, webauthn:extension:minPinLength: true, webauthn:extension:prf: true, webauthn:virtualAuthenticators: true}
Session ID: 5e5786963a780132052201e5c6ec4c65
	at java.base/jdk.internal.reflect.DirectConstructorHandleAccessor.newInstance(DirectConstructorHandleAccessor.java:62)
	at java.base/java.lang.reflect.Constructor.newInstanceWithCaller(Constructor.java:502)
	at java.base/java.lang.reflect.Constructor.newInstance(Constructor.java:486)
	at org.openqa.selenium.remote.codec.w3c.W3CHttpResponseCodec.createException(W3CHttpResponseCodec.java:200)
	at org.openqa.selenium.remote.codec.w3c.W3CHttpResponseCodec.decode(W3CHttpResponseCodec.java:133)
	at org.openqa.selenium.remote.codec.w3c.W3CHttpResponseCodec.decode(W3CHttpResponseCodec.java:52)
	at org.openqa.selenium.remote.HttpCommandExecutor.execute(HttpCommandExecutor.java:191)
	at org.openqa.selenium.remote.service.DriverCommandExecutor.invokeExecute(DriverCommandExecutor.java:200)
	at org.openqa.selenium.remote.service.DriverCommandExecutor.execute(DriverCommandExecutor.java:175)
	at org.openqa.selenium.remote.RemoteWebDriver.execute(RemoteWebDriver.java:602)
	at org.openqa.selenium.remote.RemoteWebDriver.get(RemoteWebDriver.java:304)
	at com.stepdefinition.ScreenShort.navigate_to_home_page(ScreenShort.java:74)
	at ✽.Navigate to home page(file:///D:/Jenkins/Premarket_Bow/src/test/java/com/feature/DailyEightFortyTesting.feature:16)
&amp#27;[0m
  &amp#27;[36mAnd &amp#27;[0m&amp#27;[36mUser click the search box&amp#27;[0m                 &amp#27;[90m# com.stepdefinition.Login.user_click_the_search_box()&amp#27;[0m
  &amp#27;[36mAnd &amp#27;[0m&amp#27;[36mUser Search any &amp#27;[0m&amp#27;[36m&amp#27;[1m"SWIGGY"&amp#27;[0m&amp#27;[36m Script&amp#27;[0m           &amp#27;[90m# com.stepdefinition.Login.user_search_any_script(java.lang.String)&amp#27;[0m
  &amp#27;[36mAnd &amp#27;[0m&amp#27;[36mUser Mouse Over and Add a Script &amp#27;[0m&amp#27;[36m&amp#27;[1m"SWIGGY"&amp#27;[0m &amp#27;[90m# com.stepdefinition.Login.user_mouse_over_and_add_a_script(java.lang.String)&amp#27;[0m
  &amp#27;[36mAnd &amp#27;[0m&amp#27;[36mUser POP Up Message Appear Verify POP UP&amp#27;[0m  &amp#27;[90m# com.stepdefinition.Login.user_pop_up_message_appear_verify_pop_up()&amp#27;[0m
  &amp#27;[36mWhen &amp#27;[0m&amp#27;[36mNavigate to home page&amp#27;[0m                    &amp#27;[90m# com.stepdefinition.ScreenShort.navigate_to_home_page()&amp#27;[0m
  &amp#27;[36mAnd &amp#27;[0m&amp#27;[36mUser Remove The &amp#27;[0m&amp#27;[36m&amp#27;[1m"SWIGGY"&amp#27;[0m&amp#27;[36m Stock&amp#27;[0m            &amp#27;[90m# com.stepdefinition.Login.user_remove_the_stock(java.lang.String)&amp#27;[0m
[SCREENSHOT] Skipped, browser was not available: invalid session id
Build info: version: '4.14.1', revision: '03f8ede370'
System info: os.name: 'Windows 11', os.arch: 'amd64', os.version: '10.0', java.version: '21.0.11'
Driver info: org.openqa.selenium.chrome.ChromeDriver
Command: [5e5786963a780132052201e5c6ec4c65, screenshot {}]
Capabilities {acceptInsecureCerts: false, browserName: chrome, browserVersion: 148.0.7778.217, chrome: {chromedriverVersion: 148.0.7778.178 (d096af1c9e9..., userDataDir: C:\Users\CommonPC\AppData\L...}, fedcm:accounts: true, goog:chromeOptions: {debuggerAddress: localhost:62782}, goog:processID: 39396, networkConnectionEnabled: false, pageLoadStrategy: eager, platformName: windows, proxy: Proxy(), se:cdp: ws://localhost:62782/devtoo..., se:cdpVersion: 148.0.7778.217, setWindowRect: true, strictFileInteractability: false, timeouts: {implicit: 0, pageLoad: 300000, script: 30000}, unhandledPromptBehavior: dismiss and notify, webauthn:extension:credBlob: true, webauthn:extension:largeBlob: true, webauthn:extension:minPinLength: true, webauthn:extension:prf: true, webauthn:virtualAuthenticators: true}
Session ID: 5e5786963a780132052201e5c6ec4c65
[FAILED] Add and Remove Any Script and Verify
]]></system-out>
  </testcase>
  <testcase name="Payin - Withdraw Money from Navia" classname="Navia Online Trading Market Login" time="0.031">
    <error message="invalid session id&#10;Build info: version: &apos;4.14.1&apos;, revision: &apos;03f8ede370&apos;&#10;System info: os.name: &apos;Windows 11&apos;, os.arch: &apos;amd64&apos;, os.version: &apos;10.0&apos;, java.version: &apos;21.0.11&apos;&#10;Driver info: org.openqa.selenium.chrome.ChromeDriver&#10;Command: [5e5786963a780132052201e5c6ec4c65, get {url=https://rocket.tradeplusonline.com/index.php}]&#10;Capabilities {acceptInsecureCerts: false, browserName: chrome, browserVersion: 148.0.7778.217, chrome: {chromedriverVersion: 148.0.7778.178 (d096af1c9e9..., userDataDir: C:\Users\CommonPC\AppData\L...}, fedcm:accounts: true, goog:chromeOptions: {debuggerAddress: localhost:62782}, goog:processID: 39396, networkConnectionEnabled: false, pageLoadStrategy: eager, platformName: windows, proxy: Proxy(), se:cdp: ws://localhost:62782/devtoo..., se:cdpVersion: 148.0.7778.217, setWindowRect: true, strictFileInteractability: false, timeouts: {implicit: 0, pageLoad: 300000, script: 30000}, unhandledPromptBehavior: dismiss and notify, webauthn:extension:credBlob: true, webauthn:extension:largeBlob: true, webauthn:extension:minPinLength: true, webauthn:extension:prf: true, webauthn:virtualAuthenticators: true}&#10;Session ID: 5e5786963a780132052201e5c6ec4c65" type="org.openqa.selenium.NoSuchSessionException"><![CDATA[org.openqa.selenium.NoSuchSessionException: 
invalid session id
Build info: version: '4.14.1', revision: '03f8ede370'
System info: os.name: 'Windows 11', os.arch: 'amd64', os.version: '10.0', java.version: '21.0.11'
Driver info: org.openqa.selenium.chrome.ChromeDriver
Command: [5e5786963a780132052201e5c6ec4c65, get {url=https://rocket.tradeplusonline.com/index.php}]
Capabilities {acceptInsecureCerts: false, browserName: chrome, browserVersion: 148.0.7778.217, chrome: {chromedriverVersion: 148.0.7778.178 (d096af1c9e9..., userDataDir: C:\Users\CommonPC\AppData\L...}, fedcm:accounts: true, goog:chromeOptions: {debuggerAddress: localhost:62782}, goog:processID: 39396, networkConnectionEnabled: false, pageLoadStrategy: eager, platformName: windows, proxy: Proxy(), se:cdp: ws://localhost:62782/devtoo..., se:cdpVersion: 148.0.7778.217, setWindowRect: true, strictFileInteractability: false, timeouts: {implicit: 0, pageLoad: 300000, script: 30000}, unhandledPromptBehavior: dismiss and notify, webauthn:extension:credBlob: true, webauthn:extension:largeBlob: true, webauthn:extension:minPinLength: true, webauthn:extension:prf: true, webauthn:virtualAuthenticators: true}
Session ID: 5e5786963a780132052201e5c6ec4c65
	at java.base/jdk.internal.reflect.DirectConstructorHandleAccessor.newInstance(DirectConstructorHandleAccessor.java:62)
	at java.base/java.lang.reflect.Constructor.newInstanceWithCaller(Constructor.java:502)
	at java.base/java.lang.reflect.Constructor.newInstance(Constructor.java:486)
	at org.openqa.selenium.remote.codec.w3c.W3CHttpResponseCodec.createException(W3CHttpResponseCodec.java:200)
	at org.openqa.selenium.remote.codec.w3c.W3CHttpResponseCodec.decode(W3CHttpResponseCodec.java:133)
	at org.openqa.selenium.remote.codec.w3c.W3CHttpResponseCodec.decode(W3CHttpResponseCodec.java:52)
	at org.openqa.selenium.remote.HttpCommandExecutor.execute(HttpCommandExecutor.java:191)
	at org.openqa.selenium.remote.service.DriverCommandExecutor.invokeExecute(DriverCommandExecutor.java:200)
	at org.openqa.selenium.remote.service.DriverCommandExecutor.execute(DriverCommandExecutor.java:175)
	at org.openqa.selenium.remote.RemoteWebDriver.execute(RemoteWebDriver.java:602)
	at org.openqa.selenium.remote.RemoteWebDriver.get(RemoteWebDriver.java:304)
	at com.stepdefinition.ScreenShort.navigate_to_home_page(ScreenShort.java:74)
	at ✽.Navigate to home page(file:///D:/Jenkins/Premarket_Bow/src/test/java/com/feature/DailyEightFortyTesting.feature:27)
]]></error>
    <system-out><![CDATA[
Scenario: Payin - Withdraw Money from Navia &amp#27;[90m# src/test/java/com/feature/DailyEightFortyTesting.feature:26&amp#27;[0m
  &amp#27;[31mWhen &amp#27;[0m&amp#27;[31mNavigate to home page&amp#27;[0m                &amp#27;[90m# com.stepdefinition.ScreenShort.navigate_to_home_page()&amp#27;[0m
      &amp#27;[31morg.openqa.selenium.NoSuchSessionException: invalid session id
Build info: version: '4.14.1', revision: '03f8ede370'
System info: os.name: 'Windows 11', os.arch: 'amd64', os.version: '10.0', java.version: '21.0.11'
Driver info: org.openqa.selenium.chrome.ChromeDriver
Command: [5e5786963a780132052201e5c6ec4c65, get {url=https://rocket.tradeplusonline.com/index.php}]
Capabilities {acceptInsecureCerts: false, browserName: chrome, browserVersion: 148.0.7778.217, chrome: {chromedriverVersion: 148.0.7778.178 (d096af1c9e9..., userDataDir: C:\Users\CommonPC\AppData\L...}, fedcm:accounts: true, goog:chromeOptions: {debuggerAddress: localhost:62782}, goog:processID: 39396, networkConnectionEnabled: false, pageLoadStrategy: eager, platformName: windows, proxy: Proxy(), se:cdp: ws://localhost:62782/devtoo..., se:cdpVersion: 148.0.7778.217, setWindowRect: true, strictFileInteractability: false, timeouts: {implicit: 0, pageLoad: 300000, script: 30000}, unhandledPromptBehavior: dismiss and notify, webauthn:extension:credBlob: true, webauthn:extension:largeBlob: true, webauthn:extension:minPinLength: true, webauthn:extension:prf: true, webauthn:virtualAuthenticators: true}
Session ID: 5e5786963a780132052201e5c6ec4c65
	at java.base/jdk.internal.reflect.DirectConstructorHandleAccessor.newInstance(DirectConstructorHandleAccessor.java:62)
	at java.base/java.lang.reflect.Constructor.newInstanceWithCaller(Constructor.java:502)
	at java.base/java.lang.reflect.Constructor.newInstance(Constructor.java:486)
	at org.openqa.selenium.remote.codec.w3c.W3CHttpResponseCodec.createException(W3CHttpResponseCodec.java:200)
	at org.openqa.selenium.remote.codec.w3c.W3CHttpResponseCodec.decode(W3CHttpResponseCodec.java:133)
	at org.openqa.selenium.remote.codec.w3c.W3CHttpResponseCodec.decode(W3CHttpResponseCodec.java:52)
	at org.openqa.selenium.remote.HttpCommandExecutor.execute(HttpCommandExecutor.java:191)
	at org.openqa.selenium.remote.service.DriverCommandExecutor.invokeExecute(DriverCommandExecutor.java:200)
	at org.openqa.selenium.remote.service.DriverCommandExecutor.execute(DriverCommandExecutor.java:175)
	at org.openqa.selenium.remote.RemoteWebDriver.execute(RemoteWebDriver.java:602)
	at org.openqa.selenium.remote.RemoteWebDriver.get(RemoteWebDriver.java:304)
	at com.stepdefinition.ScreenShort.navigate_to_home_page(ScreenShort.java:74)
	at ✽.Navigate to home page(file:///D:/Jenkins/Premarket_Bow/src/test/java/com/feature/DailyEightFortyTesting.feature:27)
&amp#27;[0m
  &amp#27;[36mAnd &amp#27;[0m&amp#27;[36mUser Click The Withdraw button&amp#27;[0m        &amp#27;[90m# com.stepdefinition.Login.user_click_the_withdraw_button()&amp#27;[0m
[SCREENSHOT] Skipped, browser was not available: invalid session id
Build info: version: '4.14.1', revision: '03f8ede370'
System info: os.name: 'Windows 11', os.arch: 'amd64', os.version: '10.0', java.version: '21.0.11'
Driver info: org.openqa.selenium.chrome.ChromeDriver
Command: [5e5786963a780132052201e5c6ec4c65, screenshot {}]
Capabilities {acceptInsecureCerts: false, browserName: chrome, browserVersion: 148.0.7778.217, chrome: {chromedriverVersion: 148.0.7778.178 (d096af1c9e9..., userDataDir: C:\Users\CommonPC\AppData\L...}, fedcm:accounts: true, goog:chromeOptions: {debuggerAddress: localhost:62782}, goog:processID: 39396, networkConnectionEnabled: false, pageLoadStrategy: eager, platformName: windows, proxy: Proxy(), se:cdp: ws://localhost:62782/devtoo..., se:cdpVersion: 148.0.7778.217, setWindowRect: true, strictFileInteractability: false, timeouts: {implicit: 0, pageLoad: 300000, script: 30000}, unhandledPromptBehavior: dismiss and notify, webauthn:extension:credBlob: true, webauthn:extension:largeBlob: true, webauthn:extension:minPinLength: true, webauthn:extension:prf: true, webauthn:virtualAuthenticators: true}
Session ID: 5e5786963a780132052201e5c6ec4c65
[FAILED] Payin - Withdraw Money from Navia
]]></system-out>
  </testcase>
  <testcase name="Payin - Add Money to Navia via UPI" classname="Navia Online Trading Market Login" time="0.035">
    <error message="invalid session id&#10;Build info: version: &apos;4.14.1&apos;, revision: &apos;03f8ede370&apos;&#10;System info: os.name: &apos;Windows 11&apos;, os.arch: &apos;amd64&apos;, os.version: &apos;10.0&apos;, java.version: &apos;21.0.11&apos;&#10;Driver info: org.openqa.selenium.chrome.ChromeDriver&#10;Command: [5e5786963a780132052201e5c6ec4c65, get {url=https://rocket.tradeplusonline.com/index.php}]&#10;Capabilities {acceptInsecureCerts: false, browserName: chrome, browserVersion: 148.0.7778.217, chrome: {chromedriverVersion: 148.0.7778.178 (d096af1c9e9..., userDataDir: C:\Users\CommonPC\AppData\L...}, fedcm:accounts: true, goog:chromeOptions: {debuggerAddress: localhost:62782}, goog:processID: 39396, networkConnectionEnabled: false, pageLoadStrategy: eager, platformName: windows, proxy: Proxy(), se:cdp: ws://localhost:62782/devtoo..., se:cdpVersion: 148.0.7778.217, setWindowRect: true, strictFileInteractability: false, timeouts: {implicit: 0, pageLoad: 300000, script: 30000}, unhandledPromptBehavior: dismiss and notify, webauthn:extension:credBlob: true, webauthn:extension:largeBlob: true, webauthn:extension:minPinLength: true, webauthn:extension:prf: true, webauthn:virtualAuthenticators: true}&#10;Session ID: 5e5786963a780132052201e5c6ec4c65" type="org.openqa.selenium.NoSuchSessionException"><![CDATA[org.openqa.selenium.NoSuchSessionException: 
invalid session id
Build info: version: '4.14.1', revision: '03f8ede370'
System info: os.name: 'Windows 11', os.arch: 'amd64', os.version: '10.0', java.version: '21.0.11'
Driver info: org.openqa.selenium.chrome.ChromeDriver
Command: [5e5786963a780132052201e5c6ec4c65, get {url=https://rocket.tradeplusonline.com/index.php}]
Capabilities {acceptInsecureCerts: false, browserName: chrome, browserVersion: 148.0.7778.217, chrome: {chromedriverVersion: 148.0.7778.178 (d096af1c9e9..., userDataDir: C:\Users\CommonPC\AppData\L...}, fedcm:accounts: true, goog:chromeOptions: {debuggerAddress: localhost:62782}, goog:processID: 39396, networkConnectionEnabled: false, pageLoadStrategy: eager, platformName: windows, proxy: Proxy(), se:cdp: ws://localhost:62782/devtoo..., se:cdpVersion: 148.0.7778.217, setWindowRect: true, strictFileInteractability: false, timeouts: {implicit: 0, pageLoad: 300000, script: 30000}, unhandledPromptBehavior: dismiss and notify, webauthn:extension:credBlob: true, webauthn:extension:largeBlob: true, webauthn:extension:minPinLength: true, webauthn:extension:prf: true, webauthn:virtualAuthenticators: true}
Session ID: 5e5786963a780132052201e5c6ec4c65
	at java.base/jdk.internal.reflect.DirectConstructorHandleAccessor.newInstance(DirectConstructorHandleAccessor.java:62)
	at java.base/java.lang.reflect.Constructor.newInstanceWithCaller(Constructor.java:502)
	at java.base/java.lang.reflect.Constructor.newInstance(Constructor.java:486)
	at org.openqa.selenium.remote.codec.w3c.W3CHttpResponseCodec.createException(W3CHttpResponseCodec.java:200)
	at org.openqa.selenium.remote.codec.w3c.W3CHttpResponseCodec.decode(W3CHttpResponseCodec.java:133)
	at org.openqa.selenium.remote.codec.w3c.W3CHttpResponseCodec.decode(W3CHttpResponseCodec.java:52)
	at org.openqa.selenium.remote.HttpCommandExecutor.execute(HttpCommandExecutor.java:191)
	at org.openqa.selenium.remote.service.DriverCommandExecutor.invokeExecute(DriverCommandExecutor.java:200)
	at org.openqa.selenium.remote.service.DriverCommandExecutor.execute(DriverCommandExecutor.java:175)
	at org.openqa.selenium.remote.RemoteWebDriver.execute(RemoteWebDriver.java:602)
	at org.openqa.selenium.remote.RemoteWebDriver.get(RemoteWebDriver.java:304)
	at com.stepdefinition.ScreenShort.navigate_to_home_page(ScreenShort.java:74)
	at ✽.Navigate to home page(file:///D:/Jenkins/Premarket_Bow/src/test/java/com/feature/DailyEightFortyTesting.feature:33)
]]></error>
    <system-out><![CDATA[
Scenario: Payin - Add Money to Navia via UPI            &amp#27;[90m# src/test/java/com/feature/DailyEightFortyTesting.feature:32&amp#27;[0m
  &amp#27;[31mWhen &amp#27;[0m&amp#27;[31mNavigate to home page&amp#27;[0m                            &amp#27;[90m# com.stepdefinition.ScreenShort.navigate_to_home_page()&amp#27;[0m
      &amp#27;[31morg.openqa.selenium.NoSuchSessionException: invalid session id
Build info: version: '4.14.1', revision: '03f8ede370'
System info: os.name: 'Windows 11', os.arch: 'amd64', os.version: '10.0', java.version: '21.0.11'
Driver info: org.openqa.selenium.chrome.ChromeDriver
Command: [5e5786963a780132052201e5c6ec4c65, get {url=https://rocket.tradeplusonline.com/index.php}]
Capabilities {acceptInsecureCerts: false, browserName: chrome, browserVersion: 148.0.7778.217, chrome: {chromedriverVersion: 148.0.7778.178 (d096af1c9e9..., userDataDir: C:\Users\CommonPC\AppData\L...}, fedcm:accounts: true, goog:chromeOptions: {debuggerAddress: localhost:62782}, goog:processID: 39396, networkConnectionEnabled: false, pageLoadStrategy: eager, platformName: windows, proxy: Proxy(), se:cdp: ws://localhost:62782/devtoo..., se:cdpVersion: 148.0.7778.217, setWindowRect: true, strictFileInteractability: false, timeouts: {implicit: 0, pageLoad: 300000, script: 30000}, unhandledPromptBehavior: dismiss and notify, webauthn:extension:credBlob: true, webauthn:extension:largeBlob: true, webauthn:extension:minPinLength: true, webauthn:extension:prf: true, webauthn:virtualAuthenticators: true}
Session ID: 5e5786963a780132052201e5c6ec4c65
	at java.base/jdk.internal.reflect.DirectConstructorHandleAccessor.newInstance(DirectConstructorHandleAccessor.java:62)
	at java.base/java.lang.reflect.Constructor.newInstanceWithCaller(Constructor.java:502)
	at java.base/java.lang.reflect.Constructor.newInstance(Constructor.java:486)
	at org.openqa.selenium.remote.codec.w3c.W3CHttpResponseCodec.createException(W3CHttpResponseCodec.java:200)
	at org.openqa.selenium.remote.codec.w3c.W3CHttpResponseCodec.decode(W3CHttpResponseCodec.java:133)
	at org.openqa.selenium.remote.codec.w3c.W3CHttpResponseCodec.decode(W3CHttpResponseCodec.java:52)
	at org.openqa.selenium.remote.HttpCommandExecutor.execute(HttpCommandExecutor.java:191)
	at org.openqa.selenium.remote.service.DriverCommandExecutor.invokeExecute(DriverCommandExecutor.java:200)
	at org.openqa.selenium.remote.service.DriverCommandExecutor.execute(DriverCommandExecutor.java:175)
	at org.openqa.selenium.remote.RemoteWebDriver.execute(RemoteWebDriver.java:602)
	at org.openqa.selenium.remote.RemoteWebDriver.get(RemoteWebDriver.java:304)
	at com.stepdefinition.ScreenShort.navigate_to_home_page(ScreenShort.java:74)
	at ✽.Navigate to home page(file:///D:/Jenkins/Premarket_Bow/src/test/java/com/feature/DailyEightFortyTesting.feature:33)
&amp#27;[0m
  &amp#27;[36mAnd &amp#27;[0m&amp#27;[36mUser Click Add Money&amp#27;[0m                              &amp#27;[90m# com.stepdefinition.Login.user_click_add_money()&amp#27;[0m
  &amp#27;[36mAnd &amp#27;[0m&amp#27;[36mUser enter money in amount to add&amp#27;[0m                 &amp#27;[90m# com.stepdefinition.Login.user_enter_money_in_amount_to_add()&amp#27;[0m
  &amp#27;[36mAnd &amp#27;[0m&amp#27;[36mUser Choose Pay Using UPI&amp#27;[0m                         &amp#27;[90m# com.stepdefinition.Login.user_choose_pay_using_upi()&amp#27;[0m
  &amp#27;[36mAnd &amp#27;[0m&amp#27;[36mUser Enter UPI/ID/Mobile Number and click pay now&amp#27;[0m &amp#27;[90m# com.stepdefinition.Login.user_enter_upi_id_mobile_number_and_click_pay_now()&amp#27;[0m
[SCREENSHOT] Skipped, browser was not available: invalid session id
Build info: version: '4.14.1', revision: '03f8ede370'
System info: os.name: 'Windows 11', os.arch: 'amd64', os.version: '10.0', java.version: '21.0.11'
Driver info: org.openqa.selenium.chrome.ChromeDriver
Command: [5e5786963a780132052201e5c6ec4c65, screenshot {}]
Capabilities {acceptInsecureCerts: false, browserName: chrome, browserVersion: 148.0.7778.217, chrome: {chromedriverVersion: 148.0.7778.178 (d096af1c9e9..., userDataDir: C:\Users\CommonPC\AppData\L...}, fedcm:accounts: true, goog:chromeOptions: {debuggerAddress: localhost:62782}, goog:processID: 39396, networkConnectionEnabled: false, pageLoadStrategy: eager, platformName: windows, proxy: Proxy(), se:cdp: ws://localhost:62782/devtoo..., se:cdpVersion: 148.0.7778.217, setWindowRect: true, strictFileInteractability: false, timeouts: {implicit: 0, pageLoad: 300000, script: 30000}, unhandledPromptBehavior: dismiss and notify, webauthn:extension:credBlob: true, webauthn:extension:largeBlob: true, webauthn:extension:minPinLength: true, webauthn:extension:prf: true, webauthn:virtualAuthenticators: true}
Session ID: 5e5786963a780132052201e5c6ec4c65
[FAILED] Payin - Add Money to Navia via UPI
]]></system-out>
  </testcase>
  <testcase name="User Check The Mutual Fund - UPI Payment - functionality" classname="Navia Online Trading Market Login" time="0.038">
    <error message="invalid session id&#10;Build info: version: &apos;4.14.1&apos;, revision: &apos;03f8ede370&apos;&#10;System info: os.name: &apos;Windows 11&apos;, os.arch: &apos;amd64&apos;, os.version: &apos;10.0&apos;, java.version: &apos;21.0.11&apos;&#10;Driver info: org.openqa.selenium.chrome.ChromeDriver&#10;Command: [5e5786963a780132052201e5c6ec4c65, get {url=https://rocket.tradeplusonline.com/index.php}]&#10;Capabilities {acceptInsecureCerts: false, browserName: chrome, browserVersion: 148.0.7778.217, chrome: {chromedriverVersion: 148.0.7778.178 (d096af1c9e9..., userDataDir: C:\Users\CommonPC\AppData\L...}, fedcm:accounts: true, goog:chromeOptions: {debuggerAddress: localhost:62782}, goog:processID: 39396, networkConnectionEnabled: false, pageLoadStrategy: eager, platformName: windows, proxy: Proxy(), se:cdp: ws://localhost:62782/devtoo..., se:cdpVersion: 148.0.7778.217, setWindowRect: true, strictFileInteractability: false, timeouts: {implicit: 0, pageLoad: 300000, script: 30000}, unhandledPromptBehavior: dismiss and notify, webauthn:extension:credBlob: true, webauthn:extension:largeBlob: true, webauthn:extension:minPinLength: true, webauthn:extension:prf: true, webauthn:virtualAuthenticators: true}&#10;Session ID: 5e5786963a780132052201e5c6ec4c65" type="org.openqa.selenium.NoSuchSessionException"><![CDATA[org.openqa.selenium.NoSuchSessionException: 
invalid session id
Build info: version: '4.14.1', revision: '03f8ede370'
System info: os.name: 'Windows 11', os.arch: 'amd64', os.version: '10.0', java.version: '21.0.11'
Driver info: org.openqa.selenium.chrome.ChromeDriver
Command: [5e5786963a780132052201e5c6ec4c65, get {url=https://rocket.tradeplusonline.com/index.php}]
Capabilities {acceptInsecureCerts: false, browserName: chrome, browserVersion: 148.0.7778.217, chrome: {chromedriverVersion: 148.0.7778.178 (d096af1c9e9..., userDataDir: C:\Users\CommonPC\AppData\L...}, fedcm:accounts: true, goog:chromeOptions: {debuggerAddress: localhost:62782}, goog:processID: 39396, networkConnectionEnabled: false, pageLoadStrategy: eager, platformName: windows, proxy: Proxy(), se:cdp: ws://localhost:62782/devtoo..., se:cdpVersion: 148.0.7778.217, setWindowRect: true, strictFileInteractability: false, timeouts: {implicit: 0, pageLoad: 300000, script: 30000}, unhandledPromptBehavior: dismiss and notify, webauthn:extension:credBlob: true, webauthn:extension:largeBlob: true, webauthn:extension:minPinLength: true, webauthn:extension:prf: true, webauthn:virtualAuthenticators: true}
Session ID: 5e5786963a780132052201e5c6ec4c65
	at java.base/jdk.internal.reflect.DirectConstructorHandleAccessor.newInstance(DirectConstructorHandleAccessor.java:62)
	at java.base/java.lang.reflect.Constructor.newInstanceWithCaller(Constructor.java:502)
	at java.base/java.lang.reflect.Constructor.newInstance(Constructor.java:486)
	at org.openqa.selenium.remote.codec.w3c.W3CHttpResponseCodec.createException(W3CHttpResponseCodec.java:200)
	at org.openqa.selenium.remote.codec.w3c.W3CHttpResponseCodec.decode(W3CHttpResponseCodec.java:133)
	at org.openqa.selenium.remote.codec.w3c.W3CHttpResponseCodec.decode(W3CHttpResponseCodec.java:52)
	at org.openqa.selenium.remote.HttpCommandExecutor.execute(HttpCommandExecutor.java:191)
	at org.openqa.selenium.remote.service.DriverCommandExecutor.invokeExecute(DriverCommandExecutor.java:200)
	at org.openqa.selenium.remote.service.DriverCommandExecutor.execute(DriverCommandExecutor.java:175)
	at org.openqa.selenium.remote.RemoteWebDriver.execute(RemoteWebDriver.java:602)
	at org.openqa.selenium.remote.RemoteWebDriver.get(RemoteWebDriver.java:304)
	at com.stepdefinition.ScreenShort.navigate_to_home_page(ScreenShort.java:74)
	at ✽.Navigate to home page(file:///D:/Jenkins/Premarket_Bow/src/test/java/com/feature/DailyEightFortyTesting.feature:41)
]]></error>
    <system-out><![CDATA[
Scenario: User Check The Mutual Fund - UPI Payment - functionality                 &amp#27;[90m# src/test/java/com/feature/DailyEightFortyTesting.feature:40&amp#27;[0m
  &amp#27;[31mWhen &amp#27;[0m&amp#27;[31mNavigate to home page&amp#27;[0m                                                       &amp#27;[90m# com.stepdefinition.ScreenShort.navigate_to_home_page()&amp#27;[0m
      &amp#27;[31morg.openqa.selenium.NoSuchSessionException: invalid session id
Build info: version: '4.14.1', revision: '03f8ede370'
System info: os.name: 'Windows 11', os.arch: 'amd64', os.version: '10.0', java.version: '21.0.11'
Driver info: org.openqa.selenium.chrome.ChromeDriver
Command: [5e5786963a780132052201e5c6ec4c65, get {url=https://rocket.tradeplusonline.com/index.php}]
Capabilities {acceptInsecureCerts: false, browserName: chrome, browserVersion: 148.0.7778.217, chrome: {chromedriverVersion: 148.0.7778.178 (d096af1c9e9..., userDataDir: C:\Users\CommonPC\AppData\L...}, fedcm:accounts: true, goog:chromeOptions: {debuggerAddress: localhost:62782}, goog:processID: 39396, networkConnectionEnabled: false, pageLoadStrategy: eager, platformName: windows, proxy: Proxy(), se:cdp: ws://localhost:62782/devtoo..., se:cdpVersion: 148.0.7778.217, setWindowRect: true, strictFileInteractability: false, timeouts: {implicit: 0, pageLoad: 300000, script: 30000}, unhandledPromptBehavior: dismiss and notify, webauthn:extension:credBlob: true, webauthn:extension:largeBlob: true, webauthn:extension:minPinLength: true, webauthn:extension:prf: true, webauthn:virtualAuthenticators: true}
Session ID: 5e5786963a780132052201e5c6ec4c65
	at java.base/jdk.internal.reflect.DirectConstructorHandleAccessor.newInstance(DirectConstructorHandleAccessor.java:62)
	at java.base/java.lang.reflect.Constructor.newInstanceWithCaller(Constructor.java:502)
	at java.base/java.lang.reflect.Constructor.newInstance(Constructor.java:486)
	at org.openqa.selenium.remote.codec.w3c.W3CHttpResponseCodec.createException(W3CHttpResponseCodec.java:200)
	at org.openqa.selenium.remote.codec.w3c.W3CHttpResponseCodec.decode(W3CHttpResponseCodec.java:133)
	at org.openqa.selenium.remote.codec.w3c.W3CHttpResponseCodec.decode(W3CHttpResponseCodec.java:52)
	at org.openqa.selenium.remote.HttpCommandExecutor.execute(HttpCommandExecutor.java:191)
	at org.openqa.selenium.remote.service.DriverCommandExecutor.invokeExecute(DriverCommandExecutor.java:200)
	at org.openqa.selenium.remote.service.DriverCommandExecutor.execute(DriverCommandExecutor.java:175)
	at org.openqa.selenium.remote.RemoteWebDriver.execute(RemoteWebDriver.java:602)
	at org.openqa.selenium.remote.RemoteWebDriver.get(RemoteWebDriver.java:304)
	at com.stepdefinition.ScreenShort.navigate_to_home_page(ScreenShort.java:74)
	at ✽.Navigate to home page(file:///D:/Jenkins/Premarket_Bow/src/test/java/com/feature/DailyEightFortyTesting.feature:41)
&amp#27;[0m
  &amp#27;[36mAnd &amp#27;[0m&amp#27;[36mUser MouseOver Dashboard and Click Mutual Funds&amp#27;[0m                              &amp#27;[90m# com.stepdefinition.Demo.user_mouse_over_dashboard_and_click_mutual_funds()&amp#27;[0m
  &amp#27;[36mAnd &amp#27;[0m&amp#27;[36mUser Click Explore&amp#27;[0m                                                           &amp#27;[90m# com.stepdefinition.Demo.user_click_explore()&amp#27;[0m
  &amp#27;[36mAnd &amp#27;[0m&amp#27;[36mUser Search &amp#27;[0m&amp#27;[36m&amp#27;[1m"Navi Flexi Cap Fund Direct Plan Growth"&amp#27;[0m&amp#27;[36m in Serach Box and enter&amp#27;[0m &amp#27;[90m# com.stepdefinition.Demo.user_search_in_serach_box_and_enter(java.lang.String)&amp#27;[0m
  &amp#27;[36mAnd &amp#27;[0m&amp#27;[36mUser Click One Time , enter amount &amp#27;[0m&amp#27;[36m&amp#27;[1m"100"&amp#27;[0m&amp#27;[36m and click pay now&amp#27;[0m                   &amp#27;[90m# com.stepdefinition.Demo.user_click_one_time_enter_amount_and_click_pay_now(java.lang.String)&amp#27;[0m
  &amp#27;[36mAnd &amp#27;[0m&amp#27;[36mUser Click enter UPI ID &amp#27;[0m&amp#27;[36m&amp#27;[1m"6374837965@ptsbi"&amp#27;[0m&amp#27;[36m and Click Pay Via UPI&amp#27;[0m             &amp#27;[90m# com.stepdefinition.Demo.user_click_enter_upi_id_and_click_pay_via_upi(java.lang.String)&amp#27;[0m
[SCREENSHOT] Skipped, browser was not available: invalid session id
Build info: version: '4.14.1', revision: '03f8ede370'
System info: os.name: 'Windows 11', os.arch: 'amd64', os.version: '10.0', java.version: '21.0.11'
Driver info: org.openqa.selenium.chrome.ChromeDriver
Command: [5e5786963a780132052201e5c6ec4c65, screenshot {}]
Capabilities {acceptInsecureCerts: false, browserName: chrome, browserVersion: 148.0.7778.217, chrome: {chromedriverVersion: 148.0.7778.178 (d096af1c9e9..., userDataDir: C:\Users\CommonPC\AppData\L...}, fedcm:accounts: true, goog:chromeOptions: {debuggerAddress: localhost:62782}, goog:processID: 39396, networkConnectionEnabled: false, pageLoadStrategy: eager, platformName: windows, proxy: Proxy(), se:cdp: ws://localhost:62782/devtoo..., se:cdpVersion: 148.0.7778.217, setWindowRect: true, strictFileInteractability: false, timeouts: {implicit: 0, pageLoad: 300000, script: 30000}, unhandledPromptBehavior: dismiss and notify, webauthn:extension:credBlob: true, webauthn:extension:largeBlob: true, webauthn:extension:minPinLength: true, webauthn:extension:prf: true, webauthn:virtualAuthenticators: true}
Session ID: 5e5786963a780132052201e5c6ec4c65
[FAILED] User Check The Mutual Fund - UPI Payment - functionality
]]></system-out>
  </testcase>
  <testcase name="Verify Charts - Nifty 50 Candle View" classname="Navia Online Trading Market Login" time="0.029">
    <error message="invalid session id&#10;Build info: version: &apos;4.14.1&apos;, revision: &apos;03f8ede370&apos;&#10;System info: os.name: &apos;Windows 11&apos;, os.arch: &apos;amd64&apos;, os.version: &apos;10.0&apos;, java.version: &apos;21.0.11&apos;&#10;Driver info: org.openqa.selenium.chrome.ChromeDriver&#10;Command: [5e5786963a780132052201e5c6ec4c65, get {url=https://rocket.tradeplusonline.com/index.php}]&#10;Capabilities {acceptInsecureCerts: false, browserName: chrome, browserVersion: 148.0.7778.217, chrome: {chromedriverVersion: 148.0.7778.178 (d096af1c9e9..., userDataDir: C:\Users\CommonPC\AppData\L...}, fedcm:accounts: true, goog:chromeOptions: {debuggerAddress: localhost:62782}, goog:processID: 39396, networkConnectionEnabled: false, pageLoadStrategy: eager, platformName: windows, proxy: Proxy(), se:cdp: ws://localhost:62782/devtoo..., se:cdpVersion: 148.0.7778.217, setWindowRect: true, strictFileInteractability: false, timeouts: {implicit: 0, pageLoad: 300000, script: 30000}, unhandledPromptBehavior: dismiss and notify, webauthn:extension:credBlob: true, webauthn:extension:largeBlob: true, webauthn:extension:minPinLength: true, webauthn:extension:prf: true, webauthn:virtualAuthenticators: true}&#10;Session ID: 5e5786963a780132052201e5c6ec4c65" type="org.openqa.selenium.NoSuchSessionException"><![CDATA[org.openqa.selenium.NoSuchSessionException: 
invalid session id
Build info: version: '4.14.1', revision: '03f8ede370'
System info: os.name: 'Windows 11', os.arch: 'amd64', os.version: '10.0', java.version: '21.0.11'
Driver info: org.openqa.selenium.chrome.ChromeDriver
Command: [5e5786963a780132052201e5c6ec4c65, get {url=https://rocket.tradeplusonline.com/index.php}]
Capabilities {acceptInsecureCerts: false, browserName: chrome, browserVersion: 148.0.7778.217, chrome: {chromedriverVersion: 148.0.7778.178 (d096af1c9e9..., userDataDir: C:\Users\CommonPC\AppData\L...}, fedcm:accounts: true, goog:chromeOptions: {debuggerAddress: localhost:62782}, goog:processID: 39396, networkConnectionEnabled: false, pageLoadStrategy: eager, platformName: windows, proxy: Proxy(), se:cdp: ws://localhost:62782/devtoo..., se:cdpVersion: 148.0.7778.217, setWindowRect: true, strictFileInteractability: false, timeouts: {implicit: 0, pageLoad: 300000, script: 30000}, unhandledPromptBehavior: dismiss and notify, webauthn:extension:credBlob: true, webauthn:extension:largeBlob: true, webauthn:extension:minPinLength: true, webauthn:extension:prf: true, webauthn:virtualAuthenticators: true}
Session ID: 5e5786963a780132052201e5c6ec4c65
	at java.base/jdk.internal.reflect.DirectConstructorHandleAccessor.newInstance(DirectConstructorHandleAccessor.java:62)
	at java.base/java.lang.reflect.Constructor.newInstanceWithCaller(Constructor.java:502)
	at java.base/java.lang.reflect.Constructor.newInstance(Constructor.java:486)
	at org.openqa.selenium.remote.codec.w3c.W3CHttpResponseCodec.createException(W3CHttpResponseCodec.java:200)
	at org.openqa.selenium.remote.codec.w3c.W3CHttpResponseCodec.decode(W3CHttpResponseCodec.java:133)
	at org.openqa.selenium.remote.codec.w3c.W3CHttpResponseCodec.decode(W3CHttpResponseCodec.java:52)
	at org.openqa.selenium.remote.HttpCommandExecutor.execute(HttpCommandExecutor.java:191)
	at org.openqa.selenium.remote.service.DriverCommandExecutor.invokeExecute(DriverCommandExecutor.java:200)
	at org.openqa.selenium.remote.service.DriverCommandExecutor.execute(DriverCommandExecutor.java:175)
	at org.openqa.selenium.remote.RemoteWebDriver.execute(RemoteWebDriver.java:602)
	at org.openqa.selenium.remote.RemoteWebDriver.get(RemoteWebDriver.java:304)
	at com.stepdefinition.ScreenShort.navigate_to_home_page(ScreenShort.java:74)
	at ✽.Navigate to home page(file:///D:/Jenkins/Premarket_Bow/src/test/java/com/feature/DailyEightFortyTesting.feature:51)
]]></error>
    <system-out><![CDATA[
Scenario: Verify Charts - Nifty 50 Candle View    &amp#27;[90m# src/test/java/com/feature/DailyEightFortyTesting.feature:50&amp#27;[0m
  &amp#27;[31mWhen &amp#27;[0m&amp#27;[31mNavigate to home page&amp#27;[0m                      &amp#27;[90m# com.stepdefinition.ScreenShort.navigate_to_home_page()&amp#27;[0m
      &amp#27;[31morg.openqa.selenium.NoSuchSessionException: invalid session id
Build info: version: '4.14.1', revision: '03f8ede370'
System info: os.name: 'Windows 11', os.arch: 'amd64', os.version: '10.0', java.version: '21.0.11'
Driver info: org.openqa.selenium.chrome.ChromeDriver
Command: [5e5786963a780132052201e5c6ec4c65, get {url=https://rocket.tradeplusonline.com/index.php}]
Capabilities {acceptInsecureCerts: false, browserName: chrome, browserVersion: 148.0.7778.217, chrome: {chromedriverVersion: 148.0.7778.178 (d096af1c9e9..., userDataDir: C:\Users\CommonPC\AppData\L...}, fedcm:accounts: true, goog:chromeOptions: {debuggerAddress: localhost:62782}, goog:processID: 39396, networkConnectionEnabled: false, pageLoadStrategy: eager, platformName: windows, proxy: Proxy(), se:cdp: ws://localhost:62782/devtoo..., se:cdpVersion: 148.0.7778.217, setWindowRect: true, strictFileInteractability: false, timeouts: {implicit: 0, pageLoad: 300000, script: 30000}, unhandledPromptBehavior: dismiss and notify, webauthn:extension:credBlob: true, webauthn:extension:largeBlob: true, webauthn:extension:minPinLength: true, webauthn:extension:prf: true, webauthn:virtualAuthenticators: true}
Session ID: 5e5786963a780132052201e5c6ec4c65
	at java.base/jdk.internal.reflect.DirectConstructorHandleAccessor.newInstance(DirectConstructorHandleAccessor.java:62)
	at java.base/java.lang.reflect.Constructor.newInstanceWithCaller(Constructor.java:502)
	at java.base/java.lang.reflect.Constructor.newInstance(Constructor.java:486)
	at org.openqa.selenium.remote.codec.w3c.W3CHttpResponseCodec.createException(W3CHttpResponseCodec.java:200)
	at org.openqa.selenium.remote.codec.w3c.W3CHttpResponseCodec.decode(W3CHttpResponseCodec.java:133)
	at org.openqa.selenium.remote.codec.w3c.W3CHttpResponseCodec.decode(W3CHttpResponseCodec.java:52)
	at org.openqa.selenium.remote.HttpCommandExecutor.execute(HttpCommandExecutor.java:191)
	at org.openqa.selenium.remote.service.DriverCommandExecutor.invokeExecute(DriverCommandExecutor.java:200)
	at org.openqa.selenium.remote.service.DriverCommandExecutor.execute(DriverCommandExecutor.java:175)
	at org.openqa.selenium.remote.RemoteWebDriver.execute(RemoteWebDriver.java:602)
	at org.openqa.selenium.remote.RemoteWebDriver.get(RemoteWebDriver.java:304)
	at com.stepdefinition.ScreenShort.navigate_to_home_page(ScreenShort.java:74)
	at ✽.Navigate to home page(file:///D:/Jenkins/Premarket_Bow/src/test/java/com/feature/DailyEightFortyTesting.feature:51)
&amp#27;[0m
  &amp#27;[36mAnd &amp#27;[0m&amp#27;[36mUser Click the Watch List&amp#27;[0m                   &amp#27;[90m# com.stepdefinition.Login.user_click_the_watch_list()&amp#27;[0m
  &amp#27;[36mAnd &amp#27;[0m&amp#27;[36mUser Select scrip &amp#27;[0m&amp#27;[36m&amp#27;[1m"S&P BSE SENSEX"&amp#27;[0m          &amp#27;[90m# com.stepdefinition.Login.user_select_scrip(java.lang.String)&amp#27;[0m
  &amp#27;[36mAnd &amp#27;[0m&amp#27;[36mUser Click Watch List Again&amp#27;[0m                 &amp#27;[90m# com.stepdefinition.Login.user_click_watch_list_again()&amp#27;[0m
  &amp#27;[36mAnd &amp#27;[0m&amp#27;[36mUser mouse over the scrip &amp#27;[0m&amp#27;[36m&amp#27;[1m"Nifty 50"&amp#27;[0m        &amp#27;[90m# com.stepdefinition.Login.user_mouse_over_the_scrip(java.lang.String)&amp#27;[0m
  &amp#27;[36mAnd &amp#27;[0m&amp#27;[36mUser Click the Candles Icon&amp#27;[0m                 &amp#27;[90m# com.stepdefinition.Login.user_click_the_candles_icon()&amp#27;[0m
  &amp#27;[36mAnd &amp#27;[0m&amp#27;[36mUser Choose Candle &amp#27;[0m&amp#27;[36m&amp#27;[1m"candle"&amp#27;[0m                 &amp#27;[90m# com.stepdefinition.Login.user_choose_candle(java.lang.String)&amp#27;[0m
  &amp#27;[36mAnd &amp#27;[0m&amp#27;[36mUser Check the one Minute and one Day Chart&amp#27;[0m &amp#27;[90m# com.stepdefinition.Chart.user_check_the_one_minute_and_one_day_chart()&amp#27;[0m
[SCREENSHOT] Skipped, browser was not available: invalid session id
Build info: version: '4.14.1', revision: '03f8ede370'
System info: os.name: 'Windows 11', os.arch: 'amd64', os.version: '10.0', java.version: '21.0.11'
Driver info: org.openqa.selenium.chrome.ChromeDriver
Command: [5e5786963a780132052201e5c6ec4c65, screenshot {}]
Capabilities {acceptInsecureCerts: false, browserName: chrome, browserVersion: 148.0.7778.217, chrome: {chromedriverVersion: 148.0.7778.178 (d096af1c9e9..., userDataDir: C:\Users\CommonPC\AppData\L...}, fedcm:accounts: true, goog:chromeOptions: {debuggerAddress: localhost:62782}, goog:processID: 39396, networkConnectionEnabled: false, pageLoadStrategy: eager, platformName: windows, proxy: Proxy(), se:cdp: ws://localhost:62782/devtoo..., se:cdpVersion: 148.0.7778.217, setWindowRect: true, strictFileInteractability: false, timeouts: {implicit: 0, pageLoad: 300000, script: 30000}, unhandledPromptBehavior: dismiss and notify, webauthn:extension:credBlob: true, webauthn:extension:largeBlob: true, webauthn:extension:minPinLength: true, webauthn:extension:prf: true, webauthn:virtualAuthenticators: true}
Session ID: 5e5786963a780132052201e5c6ec4c65
[FAILED] Verify Charts - Nifty 50 Candle View
]]></system-out>
  </testcase>
  <testcase name="Verify Charts - SENSEX Candle View" classname="Navia Online Trading Market Login" time="0.033">
    <error message="invalid session id&#10;Build info: version: &apos;4.14.1&apos;, revision: &apos;03f8ede370&apos;&#10;System info: os.name: &apos;Windows 11&apos;, os.arch: &apos;amd64&apos;, os.version: &apos;10.0&apos;, java.version: &apos;21.0.11&apos;&#10;Driver info: org.openqa.selenium.chrome.ChromeDriver&#10;Command: [5e5786963a780132052201e5c6ec4c65, get {url=https://rocket.tradeplusonline.com/index.php}]&#10;Capabilities {acceptInsecureCerts: false, browserName: chrome, browserVersion: 148.0.7778.217, chrome: {chromedriverVersion: 148.0.7778.178 (d096af1c9e9..., userDataDir: C:\Users\CommonPC\AppData\L...}, fedcm:accounts: true, goog:chromeOptions: {debuggerAddress: localhost:62782}, goog:processID: 39396, networkConnectionEnabled: false, pageLoadStrategy: eager, platformName: windows, proxy: Proxy(), se:cdp: ws://localhost:62782/devtoo..., se:cdpVersion: 148.0.7778.217, setWindowRect: true, strictFileInteractability: false, timeouts: {implicit: 0, pageLoad: 300000, script: 30000}, unhandledPromptBehavior: dismiss and notify, webauthn:extension:credBlob: true, webauthn:extension:largeBlob: true, webauthn:extension:minPinLength: true, webauthn:extension:prf: true, webauthn:virtualAuthenticators: true}&#10;Session ID: 5e5786963a780132052201e5c6ec4c65" type="org.openqa.selenium.NoSuchSessionException"><![CDATA[org.openqa.selenium.NoSuchSessionException: 
invalid session id
Build info: version: '4.14.1', revision: '03f8ede370'
System info: os.name: 'Windows 11', os.arch: 'amd64', os.version: '10.0', java.version: '21.0.11'
Driver info: org.openqa.selenium.chrome.ChromeDriver
Command: [5e5786963a780132052201e5c6ec4c65, get {url=https://rocket.tradeplusonline.com/index.php}]
Capabilities {acceptInsecureCerts: false, browserName: chrome, browserVersion: 148.0.7778.217, chrome: {chromedriverVersion: 148.0.7778.178 (d096af1c9e9..., userDataDir: C:\Users\CommonPC\AppData\L...}, fedcm:accounts: true, goog:chromeOptions: {debuggerAddress: localhost:62782}, goog:processID: 39396, networkConnectionEnabled: false, pageLoadStrategy: eager, platformName: windows, proxy: Proxy(), se:cdp: ws://localhost:62782/devtoo..., se:cdpVersion: 148.0.7778.217, setWindowRect: true, strictFileInteractability: false, timeouts: {implicit: 0, pageLoad: 300000, script: 30000}, unhandledPromptBehavior: dismiss and notify, webauthn:extension:credBlob: true, webauthn:extension:largeBlob: true, webauthn:extension:minPinLength: true, webauthn:extension:prf: true, webauthn:virtualAuthenticators: true}
Session ID: 5e5786963a780132052201e5c6ec4c65
	at java.base/jdk.internal.reflect.DirectConstructorHandleAccessor.newInstance(DirectConstructorHandleAccessor.java:62)
	at java.base/java.lang.reflect.Constructor.newInstanceWithCaller(Constructor.java:502)
	at java.base/java.lang.reflect.Constructor.newInstance(Constructor.java:486)
	at org.openqa.selenium.remote.codec.w3c.W3CHttpResponseCodec.createException(W3CHttpResponseCodec.java:200)
	at org.openqa.selenium.remote.codec.w3c.W3CHttpResponseCodec.decode(W3CHttpResponseCodec.java:133)
	at org.openqa.selenium.remote.codec.w3c.W3CHttpResponseCodec.decode(W3CHttpResponseCodec.java:52)
	at org.openqa.selenium.remote.HttpCommandExecutor.execute(HttpCommandExecutor.java:191)
	at org.openqa.selenium.remote.service.DriverCommandExecutor.invokeExecute(DriverCommandExecutor.java:200)
	at org.openqa.selenium.remote.service.DriverCommandExecutor.execute(DriverCommandExecutor.java:175)
	at org.openqa.selenium.remote.RemoteWebDriver.execute(RemoteWebDriver.java:602)
	at org.openqa.selenium.remote.RemoteWebDriver.get(RemoteWebDriver.java:304)
	at com.stepdefinition.ScreenShort.navigate_to_home_page(ScreenShort.java:74)
	at ✽.Navigate to home page(file:///D:/Jenkins/Premarket_Bow/src/test/java/com/feature/DailyEightFortyTesting.feature:63)
]]></error>
    <system-out><![CDATA[
Scenario: Verify Charts - SENSEX Candle View      &amp#27;[90m# src/test/java/com/feature/DailyEightFortyTesting.feature:62&amp#27;[0m
  &amp#27;[31mWhen &amp#27;[0m&amp#27;[31mNavigate to home page&amp#27;[0m                      &amp#27;[90m# com.stepdefinition.ScreenShort.navigate_to_home_page()&amp#27;[0m
      &amp#27;[31morg.openqa.selenium.NoSuchSessionException: invalid session id
Build info: version: '4.14.1', revision: '03f8ede370'
System info: os.name: 'Windows 11', os.arch: 'amd64', os.version: '10.0', java.version: '21.0.11'
Driver info: org.openqa.selenium.chrome.ChromeDriver
Command: [5e5786963a780132052201e5c6ec4c65, get {url=https://rocket.tradeplusonline.com/index.php}]
Capabilities {acceptInsecureCerts: false, browserName: chrome, browserVersion: 148.0.7778.217, chrome: {chromedriverVersion: 148.0.7778.178 (d096af1c9e9..., userDataDir: C:\Users\CommonPC\AppData\L...}, fedcm:accounts: true, goog:chromeOptions: {debuggerAddress: localhost:62782}, goog:processID: 39396, networkConnectionEnabled: false, pageLoadStrategy: eager, platformName: windows, proxy: Proxy(), se:cdp: ws://localhost:62782/devtoo..., se:cdpVersion: 148.0.7778.217, setWindowRect: true, strictFileInteractability: false, timeouts: {implicit: 0, pageLoad: 300000, script: 30000}, unhandledPromptBehavior: dismiss and notify, webauthn:extension:credBlob: true, webauthn:extension:largeBlob: true, webauthn:extension:minPinLength: true, webauthn:extension:prf: true, webauthn:virtualAuthenticators: true}
Session ID: 5e5786963a780132052201e5c6ec4c65
	at java.base/jdk.internal.reflect.DirectConstructorHandleAccessor.newInstance(DirectConstructorHandleAccessor.java:62)
	at java.base/java.lang.reflect.Constructor.newInstanceWithCaller(Constructor.java:502)
	at java.base/java.lang.reflect.Constructor.newInstance(Constructor.java:486)
	at org.openqa.selenium.remote.codec.w3c.W3CHttpResponseCodec.createException(W3CHttpResponseCodec.java:200)
	at org.openqa.selenium.remote.codec.w3c.W3CHttpResponseCodec.decode(W3CHttpResponseCodec.java:133)
	at org.openqa.selenium.remote.codec.w3c.W3CHttpResponseCodec.decode(W3CHttpResponseCodec.java:52)
	at org.openqa.selenium.remote.HttpCommandExecutor.execute(HttpCommandExecutor.java:191)
	at org.openqa.selenium.remote.service.DriverCommandExecutor.invokeExecute(DriverCommandExecutor.java:200)
	at org.openqa.selenium.remote.service.DriverCommandExecutor.execute(DriverCommandExecutor.java:175)
	at org.openqa.selenium.remote.RemoteWebDriver.execute(RemoteWebDriver.java:602)
	at org.openqa.selenium.remote.RemoteWebDriver.get(RemoteWebDriver.java:304)
	at com.stepdefinition.ScreenShort.navigate_to_home_page(ScreenShort.java:74)
	at ✽.Navigate to home page(file:///D:/Jenkins/Premarket_Bow/src/test/java/com/feature/DailyEightFortyTesting.feature:63)
&amp#27;[0m
  &amp#27;[36mAnd &amp#27;[0m&amp#27;[36mUser Click the Watch List&amp#27;[0m                   &amp#27;[90m# com.stepdefinition.Login.user_click_the_watch_list()&amp#27;[0m
  &amp#27;[36mAnd &amp#27;[0m&amp#27;[36mUser Select scrip &amp#27;[0m&amp#27;[36m&amp#27;[1m"S&P BSE SENSEX"&amp#27;[0m          &amp#27;[90m# com.stepdefinition.Login.user_select_scrip(java.lang.String)&amp#27;[0m
  &amp#27;[36mAnd &amp#27;[0m&amp#27;[36mUser mouse over the scrip &amp#27;[0m&amp#27;[36m&amp#27;[1m"SENSEX"&amp#27;[0m          &amp#27;[90m# com.stepdefinition.Login.user_mouse_over_the_scrip(java.lang.String)&amp#27;[0m
  &amp#27;[36mAnd &amp#27;[0m&amp#27;[36mUser Click the Candles Icon&amp#27;[0m                 &amp#27;[90m# com.stepdefinition.Login.user_click_the_candles_icon()&amp#27;[0m
  &amp#27;[36mAnd &amp#27;[0m&amp#27;[36mUser Choose Candle &amp#27;[0m&amp#27;[36m&amp#27;[1m"candle"&amp#27;[0m                 &amp#27;[90m# com.stepdefinition.Login.user_choose_candle(java.lang.String)&amp#27;[0m
  &amp#27;[36mAnd &amp#27;[0m&amp#27;[36mUser Check the one Minute and one Day Chart&amp#27;[0m &amp#27;[90m# com.stepdefinition.Chart.user_check_the_one_minute_and_one_day_chart()&amp#27;[0m
[SCREENSHOT] Skipped, browser was not available: invalid session id
Build info: version: '4.14.1', revision: '03f8ede370'
System info: os.name: 'Windows 11', os.arch: 'amd64', os.version: '10.0', java.version: '21.0.11'
Driver info: org.openqa.selenium.chrome.ChromeDriver
Command: [5e5786963a780132052201e5c6ec4c65, screenshot {}]
Capabilities {acceptInsecureCerts: false, browserName: chrome, browserVersion: 148.0.7778.217, chrome: {chromedriverVersion: 148.0.7778.178 (d096af1c9e9..., userDataDir: C:\Users\CommonPC\AppData\L...}, fedcm:accounts: true, goog:chromeOptions: {debuggerAddress: localhost:62782}, goog:processID: 39396, networkConnectionEnabled: false, pageLoadStrategy: eager, platformName: windows, proxy: Proxy(), se:cdp: ws://localhost:62782/devtoo..., se:cdpVersion: 148.0.7778.217, setWindowRect: true, strictFileInteractability: false, timeouts: {implicit: 0, pageLoad: 300000, script: 30000}, unhandledPromptBehavior: dismiss and notify, webauthn:extension:credBlob: true, webauthn:extension:largeBlob: true, webauthn:extension:minPinLength: true, webauthn:extension:prf: true, webauthn:virtualAuthenticators: true}
Session ID: 5e5786963a780132052201e5c6ec4c65
[FAILED] Verify Charts - SENSEX Candle View
]]></system-out>
  </testcase>
  <testcase name="Verify Charts - ICICIBANK and HDFCBANK F&amp;O" classname="Navia Online Trading Market Login" time="0.019">
    <error message="invalid session id&#10;Build info: version: &apos;4.14.1&apos;, revision: &apos;03f8ede370&apos;&#10;System info: os.name: &apos;Windows 11&apos;, os.arch: &apos;amd64&apos;, os.version: &apos;10.0&apos;, java.version: &apos;21.0.11&apos;&#10;Driver info: org.openqa.selenium.chrome.ChromeDriver&#10;Command: [5e5786963a780132052201e5c6ec4c65, get {url=https://rocket.tradeplusonline.com/index.php}]&#10;Capabilities {acceptInsecureCerts: false, browserName: chrome, browserVersion: 148.0.7778.217, chrome: {chromedriverVersion: 148.0.7778.178 (d096af1c9e9..., userDataDir: C:\Users\CommonPC\AppData\L...}, fedcm:accounts: true, goog:chromeOptions: {debuggerAddress: localhost:62782}, goog:processID: 39396, networkConnectionEnabled: false, pageLoadStrategy: eager, platformName: windows, proxy: Proxy(), se:cdp: ws://localhost:62782/devtoo..., se:cdpVersion: 148.0.7778.217, setWindowRect: true, strictFileInteractability: false, timeouts: {implicit: 0, pageLoad: 300000, script: 30000}, unhandledPromptBehavior: dismiss and notify, webauthn:extension:credBlob: true, webauthn:extension:largeBlob: true, webauthn:extension:minPinLength: true, webauthn:extension:prf: true, webauthn:virtualAuthenticators: true}&#10;Session ID: 5e5786963a780132052201e5c6ec4c65" type="org.openqa.selenium.NoSuchSessionException"><![CDATA[org.openqa.selenium.NoSuchSessionException: 
invalid session id
Build info: version: '4.14.1', revision: '03f8ede370'
System info: os.name: 'Windows 11', os.arch: 'amd64', os.version: '10.0', java.version: '21.0.11'
Driver info: org.openqa.selenium.chrome.ChromeDriver
Command: [5e5786963a780132052201e5c6ec4c65, get {url=https://rocket.tradeplusonline.com/index.php}]
Capabilities {acceptInsecureCerts: false, browserName: chrome, browserVersion: 148.0.7778.217, chrome: {chromedriverVersion: 148.0.7778.178 (d096af1c9e9..., userDataDir: C:\Users\CommonPC\AppData\L...}, fedcm:accounts: true, goog:chromeOptions: {debuggerAddress: localhost:62782}, goog:processID: 39396, networkConnectionEnabled: false, pageLoadStrategy: eager, platformName: windows, proxy: Proxy(), se:cdp: ws://localhost:62782/devtoo..., se:cdpVersion: 148.0.7778.217, setWindowRect: true, strictFileInteractability: false, timeouts: {implicit: 0, pageLoad: 300000, script: 30000}, unhandledPromptBehavior: dismiss and notify, webauthn:extension:credBlob: true, webauthn:extension:largeBlob: true, webauthn:extension:minPinLength: true, webauthn:extension:prf: true, webauthn:virtualAuthenticators: true}
Session ID: 5e5786963a780132052201e5c6ec4c65
	at java.base/jdk.internal.reflect.DirectConstructorHandleAccessor.newInstance(DirectConstructorHandleAccessor.java:62)
	at java.base/java.lang.reflect.Constructor.newInstanceWithCaller(Constructor.java:502)
	at java.base/java.lang.reflect.Constructor.newInstance(Constructor.java:486)
	at org.openqa.selenium.remote.codec.w3c.W3CHttpResponseCodec.createException(W3CHttpResponseCodec.java:200)
	at org.openqa.selenium.remote.codec.w3c.W3CHttpResponseCodec.decode(W3CHttpResponseCodec.java:133)
	at org.openqa.selenium.remote.codec.w3c.W3CHttpResponseCodec.decode(W3CHttpResponseCodec.java:52)
	at org.openqa.selenium.remote.HttpCommandExecutor.execute(HttpCommandExecutor.java:191)
	at org.openqa.selenium.remote.service.DriverCommandExecutor.invokeExecute(DriverCommandExecutor.java:200)
	at org.openqa.selenium.remote.service.DriverCommandExecutor.execute(DriverCommandExecutor.java:175)
	at org.openqa.selenium.remote.RemoteWebDriver.execute(RemoteWebDriver.java:602)
	at org.openqa.selenium.remote.RemoteWebDriver.get(RemoteWebDriver.java:304)
	at com.stepdefinition.ScreenShort.navigate_to_home_page(ScreenShort.java:74)
	at ✽.Navigate to home page(file:///D:/Jenkins/Premarket_Bow/src/test/java/com/feature/DailyEightFortyTesting.feature:74)
]]></error>
    <system-out><![CDATA[
Scenario: Verify Charts - ICICIBANK and HDFCBANK F&O    &amp#27;[90m# src/test/java/com/feature/DailyEightFortyTesting.feature:73&amp#27;[0m
  &amp#27;[31mWhen &amp#27;[0m&amp#27;[31mNavigate to home page&amp#27;[0m                            &amp#27;[90m# com.stepdefinition.ScreenShort.navigate_to_home_page()&amp#27;[0m
      &amp#27;[31morg.openqa.selenium.NoSuchSessionException: invalid session id
Build info: version: '4.14.1', revision: '03f8ede370'
System info: os.name: 'Windows 11', os.arch: 'amd64', os.version: '10.0', java.version: '21.0.11'
Driver info: org.openqa.selenium.chrome.ChromeDriver
Command: [5e5786963a780132052201e5c6ec4c65, get {url=https://rocket.tradeplusonline.com/index.php}]
Capabilities {acceptInsecureCerts: false, browserName: chrome, browserVersion: 148.0.7778.217, chrome: {chromedriverVersion: 148.0.7778.178 (d096af1c9e9..., userDataDir: C:\Users\CommonPC\AppData\L...}, fedcm:accounts: true, goog:chromeOptions: {debuggerAddress: localhost:62782}, goog:processID: 39396, networkConnectionEnabled: false, pageLoadStrategy: eager, platformName: windows, proxy: Proxy(), se:cdp: ws://localhost:62782/devtoo..., se:cdpVersion: 148.0.7778.217, setWindowRect: true, strictFileInteractability: false, timeouts: {implicit: 0, pageLoad: 300000, script: 30000}, unhandledPromptBehavior: dismiss and notify, webauthn:extension:credBlob: true, webauthn:extension:largeBlob: true, webauthn:extension:minPinLength: true, webauthn:extension:prf: true, webauthn:virtualAuthenticators: true}
Session ID: 5e5786963a780132052201e5c6ec4c65
	at java.base/jdk.internal.reflect.DirectConstructorHandleAccessor.newInstance(DirectConstructorHandleAccessor.java:62)
	at java.base/java.lang.reflect.Constructor.newInstanceWithCaller(Constructor.java:502)
	at java.base/java.lang.reflect.Constructor.newInstance(Constructor.java:486)
	at org.openqa.selenium.remote.codec.w3c.W3CHttpResponseCodec.createException(W3CHttpResponseCodec.java:200)
	at org.openqa.selenium.remote.codec.w3c.W3CHttpResponseCodec.decode(W3CHttpResponseCodec.java:133)
	at org.openqa.selenium.remote.codec.w3c.W3CHttpResponseCodec.decode(W3CHttpResponseCodec.java:52)
	at org.openqa.selenium.remote.HttpCommandExecutor.execute(HttpCommandExecutor.java:191)
	at org.openqa.selenium.remote.service.DriverCommandExecutor.invokeExecute(DriverCommandExecutor.java:200)
	at org.openqa.selenium.remote.service.DriverCommandExecutor.execute(DriverCommandExecutor.java:175)
	at org.openqa.selenium.remote.RemoteWebDriver.execute(RemoteWebDriver.java:602)
	at org.openqa.selenium.remote.RemoteWebDriver.get(RemoteWebDriver.java:304)
	at com.stepdefinition.ScreenShort.navigate_to_home_page(ScreenShort.java:74)
	at ✽.Navigate to home page(file:///D:/Jenkins/Premarket_Bow/src/test/java/com/feature/DailyEightFortyTesting.feature:74)
&amp#27;[0m
  &amp#27;[36mAnd &amp#27;[0m&amp#27;[36mUser Select The &amp#27;[0m&amp#27;[36m&amp#27;[1m"ICICIBANK"&amp#27;[0m&amp#27;[36m Stock or F&O to Chart&amp#27;[0m &amp#27;[90m# com.stepdefinition.Chart.user_select_the_stock_or_f_o_to_chart(java.lang.String)&amp#27;[0m
  &amp#27;[36mAnd &amp#27;[0m&amp#27;[36mUser Select The &amp#27;[0m&amp#27;[36m&amp#27;[1m"HDFCBANK"&amp#27;[0m&amp#27;[36m Stock or F&O to Chart&amp#27;[0m  &amp#27;[90m# com.stepdefinition.Chart.user_select_the_stock_or_f_o_to_chart(java.lang.String)&amp#27;[0m
[SCREENSHOT] Skipped, browser was not available: invalid session id
Build info: version: '4.14.1', revision: '03f8ede370'
System info: os.name: 'Windows 11', os.arch: 'amd64', os.version: '10.0', java.version: '21.0.11'
Driver info: org.openqa.selenium.chrome.ChromeDriver
Command: [5e5786963a780132052201e5c6ec4c65, screenshot {}]
Capabilities {acceptInsecureCerts: false, browserName: chrome, browserVersion: 148.0.7778.217, chrome: {chromedriverVersion: 148.0.7778.178 (d096af1c9e9..., userDataDir: C:\Users\CommonPC\AppData\L...}, fedcm:accounts: true, goog:chromeOptions: {debuggerAddress: localhost:62782}, goog:processID: 39396, networkConnectionEnabled: false, pageLoadStrategy: eager, platformName: windows, proxy: Proxy(), se:cdp: ws://localhost:62782/devtoo..., se:cdpVersion: 148.0.7778.217, setWindowRect: true, strictFileInteractability: false, timeouts: {implicit: 0, pageLoad: 300000, script: 30000}, unhandledPromptBehavior: dismiss and notify, webauthn:extension:credBlob: true, webauthn:extension:largeBlob: true, webauthn:extension:minPinLength: true, webauthn:extension:prf: true, webauthn:virtualAuthenticators: true}
Session ID: 5e5786963a780132052201e5c6ec4c65
[FAILED] Verify Charts - ICICIBANK and HDFCBANK F&O
]]></system-out>
  </testcase>
</testsuite>